<?xml version="1.0" encoding="UTF-8"?>
<!-- Generated by org.testng.reporters.JUnitReportReporter -->
<testsuite skipped="0" hostname="DESKTOP-SE5JK6N" name="test.AddCustomerTest" tests="1" failures="0" timestamp="2022-01-12T22:50:57 CST" time="21.181" errors="0">
  <testcase name="validUserShouldBeAbleToAddCustomer" time="21.181" classname="test.AddCustomerTest"/>
  <system-out/>
</testsuite> <!-- test.AddCustomerTest -->
